TN:
SF:src\application\services\AuthService.ts
FN:16,(anonymous_1)
FN:23,(anonymous_2)
FN:27,(anonymous_3)
FN:40,(anonymous_4)
FN:45,(anonymous_5)
FN:53,(anonymous_6)
FN:59,(anonymous_7)
FN:71,(anonymous_8)
FN:107,(anonymous_9)
FN:112,(anonymous_10)
FN:115,(anonymous_11)
FN:147,(anonymous_12)
FNF:12
FNH:0
FNDA:0,(anonymous_1)
FNDA:0,(anonymous_2)
FNDA:0,(anonymous_3)
FNDA:0,(anonymous_4)
FNDA:0,(anonymous_5)
FNDA:0,(anonymous_6)
FNDA:0,(anonymous_7)
FNDA:0,(anonymous_8)
FNDA:0,(anonymous_9)
FNDA:0,(anonymous_10)
FNDA:0,(anonymous_11)
FNDA:0,(anonymous_12)
DA:1,0
DA:2,0
DA:3,0
DA:4,0
DA:5,0
DA:6,0
DA:7,0
DA:8,0
DA:9,0
DA:11,0
DA:13,0
DA:16,0
DA:20,0
DA:22,0
DA:24,0
DA:28,0
DA:30,0
DA:31,0
DA:32,0
DA:34,0
DA:35,0
DA:37,0
DA:41,0
DA:42,0
DA:46,0
DA:47,0
DA:48,0
DA:49,0
DA:54,0
DA:55,0
DA:56,0
DA:60,0
DA:63,0
DA:66,0
DA:67,0
DA:75,0
DA:76,0
DA:77,0
DA:80,0
DA:81,0
DA:84,0
DA:86,0
DA:87,0
DA:89,0
DA:93,0
DA:95,0
DA:96,0
DA:97,0
DA:98,0
DA:110,0
DA:116,0
DA:117,0
DA:118,0
DA:119,0
DA:120,0
DA:121,0
DA:122,0
DA:123,0
DA:124,0
DA:125,0
DA:126,0
DA:127,0
DA:130,0
DA:131,0
DA:132,0
DA:133,0
DA:134,0
DA:135,0
DA:137,0
DA:138,0
DA:139,0
DA:140,0
DA:141,0
DA:143,0
DA:148,0
DA:149,0
DA:150,0
DA:151,0
DA:152,0
DA:153,0
DA:154,0
DA:156,0
DA:157,0
DA:160,0
DA:161,0
DA:162,0
DA:163,0
DA:165,0
LF:88
LH:0
BRDA:16,0,0,0
BRDA:16,0,1,0
BRDA:31,1,0,0
BRDA:55,2,0,0
BRDA:66,3,0,0
BRDA:66,4,0,0
BRDA:66,4,1,0
BRDA:80,5,0,0
BRDA:87,6,0,0
BRDA:102,7,0,0
BRDA:102,7,1,0
BRDA:115,8,0,0
BRDA:123,9,0,0
BRDA:131,10,0,0
BRDA:151,11,0,0
BRDA:154,12,0,0
BRDA:154,13,0,0
BRDA:154,13,1,0
BRF:18
BRH:0
end_of_record
TN:
SF:src\application\useCases\ApplySplit.ts
FN:21,(anonymous_0)
FN:26,(anonymous_1)
FNF:2
FNH:0
FNDA:0,(anonymous_0)
FNDA:0,(anonymous_1)
DA:1,0
DA:4,0
DA:5,0
DA:20,0
DA:22,0
DA:23,0
DA:28,0
DA:29,0
DA:30,0
DA:34,0
DA:35,0
DA:38,0
DA:39,0
DA:41,0
DA:42,0
DA:49,0
DA:50,0
DA:52,0
DA:53,0
DA:58,0
DA:62,0
DA:63,0
DA:64,0
DA:65,0
DA:68,0
DA:85,0
DA:94,0
LF:27
LH:0
BRDA:29,0,0,0
BRDA:34,1,0,0
BRDA:34,2,0,0
BRDA:34,2,1,0
BRDA:52,3,0,0
BRDA:79,4,0,0
BRDA:79,4,1,0
BRF:7
BRH:0
end_of_record
TN:
SF:src\application\useCases\CreateCharge.ts
FN:48,(anonymous_0)
FN:54,(anonymous_1)
FNF:2
FNH:2
FNDA:12,(anonymous_0)
FNDA:13,(anonymous_1)
DA:7,3
DA:12,3
DA:13,3
DA:17,3
DA:18,3
DA:47,3
DA:49,12
DA:50,12
DA:51,12
DA:56,13
DA:59,13
DA:60,2
DA:68,2
DA:72,11
DA:87,11
DA:88,11
DA:89,1
DA:91,1
DA:92,2
DA:99,2
DA:100,2
DA:102,2
DA:103,0
DA:108,2
DA:113,11
DA:114,11
DA:115,2
DA:117,2
DA:118,4
DA:124,4
DA:125,4
DA:129,2
DA:130,1
DA:137,10
DA:140,10
DA:141,10
DA:142,2
DA:143,2
DA:147,10
DA:148,10
DA:149,2
DA:150,2
DA:154,10
DA:155,8
DA:161,8
DA:162,2
DA:163,1
DA:169,1
DA:173,10
DA:174,9
DA:178,10
DA:200,10
DA:201,2
DA:219,10
LF:54
LH:53
BRDA:59,0,0,2
BRDA:88,1,0,1
BRDA:88,2,0,11
BRDA:88,2,1,1
BRDA:102,3,0,0
BRDA:114,4,0,2
BRDA:114,5,0,11
BRDA:114,5,1,2
BRDA:129,6,0,1
BRDA:154,7,0,8
BRDA:154,7,1,2
BRDA:159,8,0,8
BRDA:159,8,1,8
BRDA:162,9,0,1
BRDA:167,10,0,1
BRDA:167,10,1,1
BRDA:173,11,0,9
BRDA:173,12,0,10
BRDA:173,12,1,2
BRDA:213,13,0,2
BRDA:213,13,1,0
BRDA:221,14,0,1
BRDA:221,14,1,9
BRDA:222,15,0,1
BRDA:222,15,1,9
BRF:25
BRH:23
end_of_record
TN:
SF:src\application\useCases\CreateSettlement.ts
FN:21,(anonymous_0)
FN:26,(anonymous_1)
FNF:2
FNH:2
FNDA:6,(anonymous_0)
FNDA:6,(anonymous_1)
DA:1,1
DA:4,1
DA:5,1
DA:20,1
DA:22,6
DA:23,6
DA:28,6
DA:37,6
DA:38,2
DA:42,6
DA:45,6
DA:64,6
DA:74,6
LF:13
LH:13
BRDA:37,0,0,2
BRF:1
BRH:1
end_of_record
TN:
SF:src\application\useCases\ProcessSettlement.ts
FN:17,(anonymous_0)
FN:23,(anonymous_1)
FNF:2
FNH:2
FNDA:4,(anonymous_0)
FNDA:4,(anonymous_1)
DA:5,1
DA:6,1
DA:16,1
DA:18,4
DA:19,4
DA:20,4
DA:25,4
DA:26,4
DA:27,1
DA:31,3
DA:32,0
DA:35,3
DA:36,1
DA:39,2
DA:40,0
DA:44,2
DA:45,2
DA:48,2
DA:49,2
DA:57,1
DA:58,1
DA:59,0
DA:60,0
DA:63,0
DA:66,1
DA:69,1
DA:86,1
DA:96,1
DA:99,1
DA:100,1
DA:101,1
DA:103,1
DA:112,1
LF:33
LH:28
BRDA:26,0,0,1
BRDA:31,1,0,0
BRDA:35,2,0,1
BRDA:39,3,0,0
BRDA:57,4,0,1
BRDA:57,4,1,0
BRDA:58,5,0,1
BRDA:58,5,1,0
BRDA:59,6,0,0
BRDA:59,6,1,0
BRDA:60,7,0,0
BRDA:60,7,1,0
BRDA:99,8,0,1
BRDA:99,8,1,0
BRF:14
BRH:5
end_of_record
TN:
SF:src\application\useCases\RunReconciliation.ts
FN:24,(anonymous_0)
FN:30,(anonymous_1)
FNF:2
FNH:2
FNDA:1,(anonymous_0)
FNDA:1,(anonymous_1)
DA:1,1
DA:9,1
DA:10,1
DA:23,1
DA:25,1
DA:26,1
DA:27,1
DA:32,1
DA:40,1
DA:43,1
DA:50,1
DA:51,1
DA:52,1
DA:79,1
DA:80,1
DA:83,1
DA:105,1
DA:115,1
DA:118,0
DA:119,0
DA:120,0
DA:122,0
DA:131,0
LF:23
LH:18
BRDA:118,0,0,0
BRDA:118,0,1,0
BRF:2
BRH:0
end_of_record
TN:
SF:src\config\env.ts
FN:27,(anonymous_0)
FNF:1
FNH:0
FNDA:0,(anonymous_0)
DA:14,0
DA:16,0
DA:27,0
DA:32,0
DA:34,0
DA:35,0
DA:37,0
DA:40,0
LF:8
LH:0
BRDA:34,0,0,0
BRF:1
BRH:0
end_of_record
TN:
SF:src\domain\entities\Charge.ts
FN:3,(anonymous_0)
FN:10,(anonymous_1)
FN:52,(anonymous_2)
FN:71,(anonymous_3)
FN:75,(anonymous_4)
FN:79,(anonymous_5)
FN:83,(anonymous_6)
FN:87,(anonymous_7)
FN:91,(anonymous_8)
FN:96,(anonymous_9)
FN:117,(anonymous_10)
FNF:11
FNH:11
FNDA:6,(anonymous_0)
FNDA:6,(anonymous_1)
FNDA:26,(anonymous_2)
FNDA:26,(anonymous_3)
FNDA:35,(anonymous_4)
FNDA:2,(anonymous_5)
FNDA:2,(anonymous_6)
FNDA:1,(anonymous_7)
FNDA:1,(anonymous_8)
FNDA:9,(anonymous_9)
FNDA:2,(anonymous_10)
DA:1,6
DA:3,6
DA:4,6
DA:5,6
DA:6,6
DA:7,6
DA:10,6
DA:11,6
DA:12,6
DA:34,6
DA:53,26
DA:54,26
DA:55,26
DA:56,26
DA:57,26
DA:58,26
DA:59,26
DA:60,26
DA:61,26
DA:62,26
DA:63,26
DA:64,26
DA:65,26
DA:66,26
DA:67,26
DA:68,26
DA:72,26
DA:76,35
DA:80,2
DA:84,2
DA:88,1
DA:92,1
DA:97,9
DA:118,2
LF:34
LH:34
BRDA:3,0,0,6
BRDA:3,0,1,6
BRDA:10,1,0,6
BRDA:10,1,1,6
BRDA:53,2,0,26
BRDA:53,2,1,4
BRDA:56,3,0,26
BRDA:56,3,1,4
BRDA:58,4,0,26
BRDA:58,4,1,4
BRDA:67,5,0,26
BRDA:67,5,1,15
BRDA:68,6,0,26
BRDA:68,6,1,15
BRF:14
BRH:14
end_of_record
TN:
SF:src\domain\entities\ChargeSplit.ts
FN:20,(anonymous_0)
FN:39,(anonymous_1)
FN:43,(anonymous_2)
FN:48,(anonymous_3)
FNF:4
FNH:4
FNDA:13,(anonymous_0)
FNDA:7,(anonymous_1)
FNDA:7,(anonymous_2)
FNDA:10,(anonymous_3)
DA:1,5
DA:12,5
DA:21,13
DA:22,13
DA:23,13
DA:24,13
DA:26,13
DA:27,1
DA:29,12
DA:30,2
DA:32,10
DA:33,1
DA:35,9
DA:36,9
DA:40,7
DA:44,7
DA:49,10
DA:50,1
DA:52,9
DA:53,3
DA:54,2
DA:56,1
DA:59,6
DA:60,6
DA:61,0
DA:63,6
LF:26
LH:25
BRDA:21,0,0,13
BRDA:21,0,1,11
BRDA:24,1,0,13
BRDA:24,1,1,11
BRDA:26,2,0,1
BRDA:26,3,0,13
BRDA:26,3,1,5
BRDA:29,4,0,2
BRDA:29,5,0,12
BRDA:29,5,1,9
BRDA:29,5,2,8
BRDA:32,6,0,1
BRDA:32,7,0,10
BRDA:32,7,1,6
BRDA:49,8,0,1
BRDA:52,9,0,3
BRDA:53,10,0,2
BRDA:60,11,0,0
BRF:18
BRH:17
end_of_record
TN:
SF:src\domain\entities\Fee.ts
FN:18,(anonymous_0)
FN:34,(anonymous_1)
FNF:2
FNH:2
FNDA:13,(anonymous_0)
FNDA:4,(anonymous_1)
DA:1,5
DA:11,5
DA:19,13
DA:20,13
DA:21,13
DA:22,13
DA:24,13
DA:25,1
DA:27,12
DA:28,3
DA:30,9
DA:35,4
DA:36,1
DA:38,3
DA:39,3
LF:15
LH:15
BRDA:19,0,0,13
BRDA:19,0,1,11
BRDA:22,1,0,13
BRDA:22,1,1,11
BRDA:24,2,0,1
BRDA:24,3,0,13
BRDA:24,3,1,12
BRDA:27,4,0,3
BRDA:27,5,0,12
BRDA:27,5,1,11
BRDA:35,6,0,1
BRDA:35,7,0,4
BRDA:35,7,1,4
BRDA:39,8,0,1
BRDA:39,8,1,2
BRF:15
BRH:15
end_of_record
TN:
SF:src\domain\entities\Payment.ts
FN:3,(anonymous_0)
FN:11,(anonymous_1)
FN:49,(anonymous_2)
FN:65,(anonymous_3)
FN:69,(anonymous_4)
FN:73,(anonymous_5)
FN:77,(anonymous_6)
FN:81,(anonymous_7)
FN:85,(anonymous_8)
FN:89,(anonymous_9)
FNF:10
FNH:0
FNDA:0,(anonymous_0)
FNDA:0,(anonymous_1)
FNDA:0,(anonymous_2)
FNDA:0,(anonymous_3)
FNDA:0,(anonymous_4)
FNDA:0,(anonymous_5)
FNDA:0,(anonymous_6)
FNDA:0,(anonymous_7)
FNDA:0,(anonymous_8)
FNDA:0,(anonymous_9)
DA:1,0
DA:3,0
DA:4,0
DA:5,0
DA:6,0
DA:7,0
DA:8,0
DA:11,0
DA:12,0
DA:13,0
DA:14,0
DA:33,0
DA:50,0
DA:51,0
DA:52,0
DA:53,0
DA:54,0
DA:55,0
DA:56,0
DA:57,0
DA:58,0
DA:59,0
DA:60,0
DA:61,0
DA:62,0
DA:66,0
DA:70,0
DA:74,0
DA:78,0
DA:82,0
DA:86,0
DA:90,0
DA:91,0
LF:33
LH:0
BRDA:3,0,0,0
BRDA:3,0,1,0
BRDA:11,1,0,0
BRDA:11,1,1,0
BRDA:50,2,0,0
BRDA:50,2,1,0
BRDA:54,3,0,0
BRDA:54,3,1,0
BRDA:59,4,0,0
BRDA:59,4,1,0
BRDA:60,5,0,0
BRDA:60,5,1,0
BRDA:90,6,0,0
BRF:13
BRH:0
end_of_record
TN:
SF:src\domain\entities\PixKey.ts
FN:3,(anonymous_0)
FN:32,(anonymous_1)
FN:43,(anonymous_2)
FN:47,(anonymous_3)
FN:51,(anonymous_4)
FNF:5
FNH:0
FNDA:0,(anonymous_0)
FNDA:0,(anonymous_1)
FNDA:0,(anonymous_2)
FNDA:0,(anonymous_3)
FNDA:0,(anonymous_4)
DA:1,0
DA:3,0
DA:4,0
DA:5,0
DA:6,0
DA:7,0
DA:8,0
DA:22,0
DA:33,0
DA:34,0
DA:35,0
DA:36,0
DA:37,0
DA:38,0
DA:39,0
DA:40,0
DA:44,0
DA:48,0
DA:52,0
LF:19
LH:0
BRDA:3,0,0,0
BRDA:3,0,1,0
BRDA:33,1,0,0
BRDA:33,1,1,0
BRDA:38,2,0,0
BRDA:38,2,1,0
BRDA:39,3,0,0
BRDA:39,3,1,0
BRDA:40,4,0,0
BRDA:40,4,1,0
BRF:10
BRH:0
end_of_record
TN:
SF:src\domain\entities\Reconciliation.ts
FN:3,(anonymous_0)
FN:11,(anonymous_1)
FN:60,(anonymous_2)
FN:84,(anonymous_3)
FN:88,(anonymous_4)
FN:92,(anonymous_5)
FN:96,(anonymous_6)
FN:100,(anonymous_7)
FN:104,(anonymous_8)
FN:108,(anonymous_9)
FN:112,(anonymous_10)
FN:116,(anonymous_11)
FN:120,(anonymous_12)
FN:129,(anonymous_13)
FN:143,(anonymous_14)
FN:153,(anonymous_15)
FN:163,(anonymous_16)
FN:174,(anonymous_17)
FN:183,(anonymous_18)
FNF:19
FNH:18
FNDA:2,(anonymous_0)
FNDA:2,(anonymous_1)
FNDA:3,(anonymous_2)
FNDA:7,(anonymous_3)
FNDA:2,(anonymous_4)
FNDA:3,(anonymous_5)
FNDA:2,(anonymous_6)
FNDA:2,(anonymous_7)
FNDA:2,(anonymous_8)
FNDA:2,(anonymous_9)
FNDA:3,(anonymous_10)
FNDA:1,(anonymous_11)
FNDA:3,(anonymous_12)
FNDA:2,(anonymous_13)
FNDA:1,(anonymous_14)
FNDA:0,(anonymous_15)
FNDA:2,(anonymous_16)
FNDA:1,(anonymous_17)
FNDA:3,(anonymous_18)
DA:1,2
DA:3,2
DA:4,2
DA:5,2
DA:6,2
DA:7,2
DA:8,2
DA:11,2
DA:12,2
DA:13,2
DA:42,2
DA:61,3
DA:62,3
DA:63,3
DA:64,3
DA:65,3
DA:66,3
DA:67,3
DA:68,3
DA:69,3
DA:70,3
DA:71,3
DA:72,3
DA:73,3
DA:74,3
DA:75,3
DA:76,3
DA:79,3
DA:80,0
DA:85,7
DA:89,2
DA:93,3
DA:97,2
DA:101,2
DA:105,2
DA:109,2
DA:113,3
DA:117,1
DA:121,3
DA:122,0
DA:124,3
DA:125,3
DA:126,3
DA:130,2
DA:131,0
DA:133,2
DA:139,2
DA:140,2
DA:144,1
DA:145,0
DA:147,1
DA:148,1
DA:149,1
DA:154,0
DA:155,0
DA:157,0
DA:158,0
DA:159,0
DA:164,2
DA:165,0
DA:168,2
DA:169,2
DA:170,2
DA:171,2
DA:175,1
DA:176,0
DA:178,1
DA:179,1
DA:180,1
DA:184,3
DA:185,3
DA:187,0
LF:72
LH:60
BRDA:3,0,0,2
BRDA:3,0,1,2
BRDA:11,1,0,2
BRDA:11,1,1,2
BRDA:61,2,0,3
BRDA:61,2,1,3
BRDA:64,3,0,3
BRDA:64,3,1,3
BRDA:67,4,0,3
BRDA:67,4,1,3
BRDA:68,5,0,3
BRDA:68,5,1,3
BRDA:69,6,0,3
BRDA:69,6,1,3
BRDA:70,7,0,3
BRDA:70,7,1,3
BRDA:71,8,0,3
BRDA:71,8,1,3
BRDA:75,9,0,3
BRDA:75,9,1,3
BRDA:76,10,0,3
BRDA:76,10,1,3
BRDA:79,11,0,0
BRDA:121,12,0,0
BRDA:130,13,0,0
BRDA:144,14,0,0
BRDA:147,15,0,1
BRDA:154,16,0,0
BRDA:157,17,0,0
BRDA:164,18,0,0
BRDA:168,19,0,2
BRDA:168,19,1,1
BRDA:169,20,0,1
BRDA:169,20,1,1
BRDA:175,21,0,0
BRDA:184,22,0,3
BRF:36
BRH:28
end_of_record
TN:
SF:src\domain\entities\Settlement.ts
FN:3,(anonymous_0)
FN:43,(anonymous_1)
FN:64,(anonymous_2)
FN:68,(anonymous_3)
FN:72,(anonymous_4)
FN:76,(anonymous_5)
FN:80,(anonymous_6)
FN:84,(anonymous_7)
FN:88,(anonymous_8)
FN:92,(anonymous_9)
FN:105,(anonymous_10)
FN:113,(anonymous_11)
FN:123,(anonymous_12)
FN:132,(anonymous_13)
FN:140,(anonymous_14)
FN:144,(anonymous_15)
FNF:16
FNH:15
FNDA:2,(anonymous_0)
FNDA:9,(anonymous_1)
FNDA:13,(anonymous_2)
FNDA:2,(anonymous_3)
FNDA:16,(anonymous_4)
FNDA:3,(anonymous_5)
FNDA:1,(anonymous_6)
FNDA:7,(anonymous_7)
FNDA:17,(anonymous_8)
FNDA:4,(anonymous_9)
FNDA:2,(anonymous_10)
FNDA:1,(anonymous_11)
FNDA:1,(anonymous_12)
FNDA:0,(anonymous_13)
FNDA:4,(anonymous_14)
FNDA:5,(anonymous_15)
DA:1,2
DA:3,2
DA:4,2
DA:5,2
DA:6,2
DA:7,2
DA:8,2
DA:9,2
DA:28,2
DA:44,9
DA:45,9
DA:46,9
DA:47,9
DA:48,9
DA:49,9
DA:50,9
DA:51,9
DA:52,9
DA:53,9
DA:54,9
DA:55,9
DA:56,9
DA:59,9
DA:60,0
DA:65,13
DA:69,2
DA:73,16
DA:77,3
DA:81,1
DA:85,7
DA:89,17
DA:93,4
DA:94,0
DA:96,4
DA:97,1
DA:99,3
DA:100,3
DA:101,3
DA:102,3
DA:106,2
DA:107,0
DA:109,2
DA:110,2
DA:114,1
DA:115,0
DA:117,1
DA:118,1
DA:119,1
DA:120,1
DA:124,1
DA:125,0
DA:127,1
DA:128,1
DA:129,1
DA:133,0
DA:134,0
DA:136,0
DA:137,0
DA:141,4
DA:145,5
DA:146,3
DA:148,2
LF:62
LH:53
BRDA:3,0,0,2
BRDA:3,0,1,2
BRDA:44,1,0,9
BRDA:44,1,1,9
BRDA:47,2,0,9
BRDA:47,2,1,3
BRDA:48,3,0,9
BRDA:48,3,1,9
BRDA:55,4,0,9
BRDA:55,4,1,9
BRDA:56,5,0,9
BRDA:56,5,1,9
BRDA:59,6,0,0
BRDA:93,7,0,0
BRDA:96,8,0,1
BRDA:106,9,0,0
BRDA:106,10,0,2
BRDA:106,10,1,2
BRDA:114,11,0,0
BRDA:124,12,0,0
BRDA:133,13,0,0
BRDA:141,14,0,4
BRDA:141,14,1,2
BRDA:145,15,0,3
BRDA:148,16,0,2
BRDA:148,16,1,0
BRF:26
BRH:19
end_of_record
TN:
SF:src\infrastructure\logger.ts
FNF:0
FNH:0
DA:1,8
DA:3,8
DA:5,8
LF:3
LH:3
BRDA:3,0,0,8
BRDA:3,0,1,0
BRDA:6,1,0,8
BRDA:6,1,1,8
BRF:4
BRH:3
end_of_record
TN:
SF:src\infrastructure\adapters\banking\StubBankingAdapter.ts
FN:4,(anonymous_0)
FN:10,(anonymous_1)
FN:19,(anonymous_2)
FNF:3
FNH:0
FNDA:0,(anonymous_0)
FNDA:0,(anonymous_1)
FNDA:0,(anonymous_2)
DA:3,0
DA:7,0
DA:10,0
DA:12,0
DA:21,0
LF:5
LH:0
BRF:0
BRH:0
end_of_record
TN:
SF:src\infrastructure\adapters\messaging\InMemoryMessagingAdapter.ts
FN:7,(anonymous_1)
FNF:1
FNH:1
FNDA:18,(anonymous_1)
DA:1,4
DA:4,4
DA:6,4
DA:8,18
LF:4
LH:4
BRF:0
BRH:0
end_of_record
TN:
SF:src\infrastructure\adapters\payment\StubPaymentProviderAdapter.ts
FN:4,(anonymous_0)
FN:11,(anonymous_1)
FNF:2
FNH:2
FNDA:8,(anonymous_0)
FNDA:1,(anonymous_1)
DA:3,3
DA:5,8
DA:6,8
DA:7,8
DA:8,8
DA:12,1
DA:13,1
DA:14,1
LF:8
LH:8
BRDA:5,0,0,8
BRDA:5,0,1,8
BRDA:12,1,0,1
BRDA:12,1,1,1
BRF:4
BRH:4
end_of_record
TN:
SF:src\infrastructure\database\PrismaChargeRepository.ts
FN:14,mapPrismaChargeToDomain
FN:36,(anonymous_1)
FN:41,(anonymous_2)
FN:46,(anonymous_3)
FN:70,(anonymous_4)
FN:90,(anonymous_5)
FN:133,(anonymous_6)
FNF:7
FNH:0
FNDA:0,mapPrismaChargeToDomain
FNDA:0,(anonymous_1)
FNDA:0,(anonymous_2)
FNDA:0,(anonymous_3)
FNDA:0,(anonymous_4)
FNDA:0,(anonymous_5)
FNDA:0,(anonymous_6)
DA:7,0
DA:8,0
DA:9,0
DA:10,0
DA:12,0
DA:15,0
DA:35,0
DA:37,0
DA:38,0
DA:42,0
DA:43,0
DA:49,0
DA:67,0
DA:73,0
DA:87,0
DA:97,0
DA:98,0
DA:102,0
DA:107,0
DA:108,0
DA:111,0
DA:114,0
DA:123,0
DA:134,0
DA:142,0
LF:25
LH:0
BRDA:20,0,0,0
BRDA:20,0,1,0
BRDA:22,1,0,0
BRDA:22,1,1,0
BRDA:23,2,0,0
BRDA:23,2,1,0
BRDA:25,3,0,0
BRDA:25,3,1,0
BRDA:26,4,0,0
BRDA:26,4,1,0
BRDA:27,5,0,0
BRDA:27,5,1,0
BRDA:28,6,0,0
BRDA:28,6,1,0
BRDA:29,7,0,0
BRDA:29,7,1,0
BRDA:38,8,0,0
BRDA:38,8,1,0
BRDA:43,9,0,0
BRDA:43,9,1,0
BRDA:55,10,0,0
BRDA:55,10,1,0
BRDA:57,11,0,0
BRDA:57,11,1,0
BRDA:58,12,0,0
BRDA:58,12,1,0
BRDA:60,13,0,0
BRDA:60,13,1,0
BRDA:61,14,0,0
BRDA:61,14,1,0
BRDA:62,15,0,0
BRDA:62,15,1,0
BRDA:63,16,0,0
BRDA:63,16,1,0
BRDA:64,17,0,0
BRDA:64,17,1,0
BRDA:76,18,0,0
BRDA:76,18,1,0
BRDA:78,19,0,0
BRDA:78,19,1,0
BRDA:79,20,0,0
BRDA:79,20,1,0
BRDA:80,21,0,0
BRDA:80,21,1,0
BRDA:81,22,0,0
BRDA:81,22,1,0
BRDA:82,23,0,0
BRDA:82,23,1,0
BRDA:83,24,0,0
BRDA:83,24,1,0
BRDA:84,25,0,0
BRDA:84,25,1,0
BRDA:97,26,0,0
BRDA:97,26,1,0
BRDA:107,27,0,0
BRDA:120,28,0,0
BRDA:120,28,1,0
BRDA:128,29,0,0
BRDA:128,29,1,0
BRF:59
BRH:0
end_of_record
TN:
SF:src\infrastructure\database\PrismaReconciliationRepository.ts
FN:11,mapPrismaReconciliationToDomain
FN:13,(anonymous_1)
FN:43,(anonymous_2)
FN:45,(anonymous_3)
FN:50,(anonymous_4)
FN:58,(anonymous_5)
FN:78,(anonymous_6)
FN:87,(anonymous_7)
FN:111,(anonymous_8)
FN:116,(anonymous_9)
FNF:10
FNH:0
FNDA:0,mapPrismaReconciliationToDomain
FNDA:0,(anonymous_1)
FNDA:0,(anonymous_2)
FNDA:0,(anonymous_3)
FNDA:0,(anonymous_4)
FNDA:0,(anonymous_5)
FNDA:0,(anonymous_6)
FNDA:0,(anonymous_7)
FNDA:0,(anonymous_8)
FNDA:0,(anonymous_9)
DA:2,0
DA:12,0
DA:13,0
DA:19,0
DA:20,0
DA:22,0
DA:42,0
DA:43,0
DA:46,0
DA:47,0
DA:51,0
DA:55,0
DA:63,0
DA:75,0
DA:79,0
DA:87,0
DA:108,0
DA:112,0
DA:116,0
DA:133,0
LF:20
LH:0
BRDA:12,0,0,0
BRDA:12,0,1,0
BRDA:19,1,0,0
BRDA:19,1,1,0
BRDA:20,2,0,0
BRDA:20,2,1,0
BRDA:34,3,0,0
BRDA:34,3,1,0
BRDA:35,4,0,0
BRDA:35,4,1,0
BRDA:36,5,0,0
BRDA:36,5,1,0
BRDA:47,6,0,0
BRDA:47,6,1,0
BRDA:52,7,0,0
BRDA:52,7,1,0
BRDA:87,8,0,0
BRDA:87,8,1,0
BRDA:93,9,0,0
BRDA:93,9,1,0
BRDA:96,10,0,0
BRDA:96,10,1,0
BRDA:101,11,0,0
BRDA:101,11,1,0
BRDA:102,12,0,0
BRDA:102,12,1,0
BRDA:103,13,0,0
BRDA:103,13,1,0
BRDA:116,14,0,0
BRDA:116,14,1,0
BRDA:126,15,0,0
BRDA:126,15,1,0
BRDA:127,16,0,0
BRDA:127,16,1,0
BRDA:128,17,0,0
BRDA:128,17,1,0
BRF:36
BRH:0
end_of_record
TN:
SF:src\infrastructure\database\PrismaSettlementRepository.ts
FN:6,mapPrismaSettlementToDomain
FN:25,(anonymous_1)
FN:26,(anonymous_2)
FN:31,(anonymous_3)
FN:39,(anonymous_4)
FN:56,(anonymous_5)
FN:77,(anonymous_6)
FNF:7
FNH:0
FNDA:0,mapPrismaSettlementToDomain
FNDA:0,(anonymous_1)
FNDA:0,(anonymous_2)
FNDA:0,(anonymous_3)
FNDA:0,(anonymous_4)
FNDA:0,(anonymous_5)
FNDA:0,(anonymous_6)
DA:2,0
DA:7,0
DA:24,0
DA:25,0
DA:27,0
DA:28,0
DA:32,0
DA:36,0
DA:40,0
DA:41,0
DA:53,0
DA:57,0
DA:74,0
DA:78,0
DA:92,0
LF:15
LH:0
BRDA:13,0,0,0
BRDA:13,0,1,0
BRDA:14,1,0,0
BRDA:14,1,1,0
BRDA:15,2,0,0
BRDA:15,2,1,0
BRDA:16,3,0,0
BRDA:16,3,1,0
BRDA:17,4,0,0
BRDA:17,4,1,0
BRDA:18,5,0,0
BRDA:18,5,1,0
BRDA:28,6,0,0
BRDA:28,6,1,0
BRDA:33,7,0,0
BRDA:33,7,1,0
BRDA:64,8,0,0
BRDA:64,8,1,0
BRDA:65,9,0,0
BRDA:65,9,1,0
BRDA:66,10,0,0
BRDA:66,10,1,0
BRDA:67,11,0,0
BRDA:67,11,1,0
BRDA:68,12,0,0
BRDA:68,12,1,0
BRDA:69,13,0,0
BRDA:69,13,1,0
BRDA:82,14,0,0
BRDA:82,14,1,0
BRDA:83,15,0,0
BRDA:83,15,1,0
BRDA:84,16,0,0
BRDA:84,16,1,0
BRDA:85,17,0,0
BRDA:85,17,1,0
BRDA:86,18,0,0
BRDA:86,18,1,0
BRDA:87,19,0,0
BRDA:87,19,1,0
BRF:40
BRH:0
end_of_record
TN:
SF:src\infrastructure\database\prismaClient.ts
FNF:0
FNH:0
DA:14,2
DA:22,2
DA:26,2
DA:27,2
DA:30,2
LF:5
LH:5
BRDA:22,0,0,2
BRDA:22,0,1,2
BRDA:26,1,0,2
BRF:3
BRH:3
end_of_record
TN:
SF:src\infrastructure\database\repositories\PrismaPaymentRepository.ts
FN:10,(anonymous_0)
FN:12,(anonymous_1)
FN:34,(anonymous_2)
FN:44,(anonymous_3)
FN:69,(anonymous_4)
FN:81,(anonymous_5)
FN:95,(anonymous_6)
FNF:7
FNH:0
FNDA:0,(anonymous_0)
FNDA:0,(anonymous_1)
FNDA:0,(anonymous_2)
FNDA:0,(anonymous_3)
FNDA:0,(anonymous_4)
FNDA:0,(anonymous_5)
FNDA:0,(anonymous_6)
DA:2,0
DA:9,0
DA:10,0
DA:13,0
DA:27,0
DA:31,0
DA:35,0
DA:39,0
DA:41,0
DA:52,0
DA:54,0
DA:66,0
DA:70,0
DA:78,0
DA:85,0
DA:87,0
DA:96,0
LF:17
LH:0
BRDA:39,0,0,0
BRDA:52,1,0,0
BRDA:52,2,0,0
BRDA:52,3,0,0
BRDA:52,3,1,0
BRDA:57,4,0,0
BRDA:57,4,1,0
BRDA:85,5,0,0
BRDA:85,5,1,0
BRDA:90,6,0,0
BRDA:90,6,1,0
BRF:11
BRH:0
end_of_record
TN:
SF:src\infrastructure\email\EmailService.ts
FN:10,(anonymous_1)
FN:21,(anonymous_2)
FN:28,(anonymous_3)
FN:43,(anonymous_4)
FNF:4
FNH:0
FNDA:0,(anonymous_1)
FNDA:0,(anonymous_2)
FNDA:0,(anonymous_3)
FNDA:0,(anonymous_4)
DA:1,0
DA:2,0
DA:3,0
DA:4,0
DA:5,0
DA:6,0
DA:10,0
DA:11,0
DA:22,0
DA:23,0
DA:24,0
DA:25,0
DA:29,0
DA:30,0
DA:31,0
DA:33,0
DA:34,0
DA:40,0
DA:44,0
DA:45,0
DA:46,0
DA:48,0
DA:49,0
DA:50,0
DA:56,0
LF:25
LH:0
BRDA:15,0,0,0
BRDA:15,0,1,0
BRDA:29,1,0,0
BRDA:44,2,0,0
BRF:4
BRH:0
end_of_record
TN:
SF:src\infrastructure\http\swagger.ts
FN:365,setupSwagger
FNF:1
FNH:0
FNDA:0,setupSwagger
DA:1,0
DA:2,0
DA:5,0
DA:365,0
DA:366,0
DA:367,0
LF:6
LH:0
BRF:0
BRH:0
end_of_record
TN:
SF:src\infrastructure\http\middlewares\authMiddleware.ts
FN:12,authMiddleware
FNF:1
FNH:0
FNDA:0,authMiddleware
DA:2,0
DA:3,0
DA:4,0
DA:5,0
DA:7,0
DA:12,0
DA:13,0
DA:14,0
DA:15,0
DA:16,0
DA:19,0
DA:20,0
DA:21,0
DA:28,0
DA:29,0
DA:30,0
DA:31,0
DA:34,0
DA:35,0
DA:37,0
DA:38,0
LF:21
LH:0
BRDA:9,0,0,0
BRDA:9,0,1,0
BRDA:14,1,0,0
BRDA:14,2,0,0
BRDA:14,2,1,0
BRDA:29,3,0,0
BRF:6
BRH:0
end_of_record
TN:
SF:src\infrastructure\http\routes\apiRoutes.ts
FN:16,(anonymous_0)
FNF:1
FNH:0
FNDA:0,(anonymous_0)
DA:6,0
DA:7,0
DA:8,0
DA:10,0
DA:16,0
DA:17,0
DA:18,0
DA:20,0
DA:22,0
DA:24,0
DA:25,0
DA:29,0
LF:12
LH:0
BRF:0
BRH:0
end_of_record
TN:
SF:src\infrastructure\http\routes\authRoutes.ts
FN:43,checkLock
FN:51,recordFailure
FN:73,recordSuccess
FN:74,(anonymous_4)
FN:77,(anonymous_5)
FN:125,(anonymous_6)
FN:172,(anonymous_7)
FN:185,(anonymous_8)
FN:225,(anonymous_9)
FN:283,(anonymous_10)
FNF:10
FNH:9
FNDA:11,checkLock
FNDA:3,recordFailure
FNDA:3,recordSuccess
FNDA:0,(anonymous_4)
FNDA:3,(anonymous_5)
FNDA:3,(anonymous_6)
FNDA:2,(anonymous_7)
FNDA:4,(anonymous_8)
FNDA:5,(anonymous_9)
FNDA:4,(anonymous_10)
DA:1,2
DA:2,2
DA:3,2
DA:4,2
DA:5,2
DA:6,2
DA:7,2
DA:8,2
DA:9,2
DA:10,2
DA:11,2
DA:14,2
DA:15,2
DA:16,2
DA:17,2
DA:20,2
DA:27,2
DA:33,2
DA:37,2
DA:44,11
DA:45,11
DA:46,11
DA:47,3
DA:52,3
DA:53,3
DA:54,3
DA:55,3
DA:56,3
DA:57,3
DA:59,0
DA:60,0
DA:61,0
DA:62,0
DA:64,0
DA:65,0
DA:66,0
DA:67,0
DA:74,3
DA:77,2
DA:78,3
DA:79,3
DA:81,3
DA:82,3
DA:83,2
DA:84,2
DA:85,1
DA:89,2
DA:90,1
DA:93,1
DA:94,1
DA:102,1
DA:110,1
DA:116,1
DA:118,1
DA:120,0
DA:121,0
DA:125,2
DA:126,3
DA:127,3
DA:129,3
DA:130,3
DA:131,2
DA:132,2
DA:133,1
DA:137,2
DA:138,2
DA:141,1
DA:142,1
DA:150,1
DA:158,1
DA:164,1
DA:165,0
DA:167,1
DA:168,1
DA:172,2
DA:173,2
DA:174,2
DA:175,1
DA:176,1
DA:177,1
DA:179,0
DA:180,0
DA:185,2
DA:186,4
DA:187,4
DA:188,4
DA:189,3
DA:190,2
DA:192,2
DA:194,1
DA:195,1
DA:196,1
DA:197,1
DA:198,1
DA:199,1
DA:200,1
DA:201,1
DA:202,1
DA:203,1
DA:205,1
DA:208,1
DA:210,2
DA:212,2
DA:213,1
DA:215,1
DA:216,1
DA:218,0
DA:219,0
DA:220,0
DA:225,2
DA:226,5
DA:227,5
DA:228,5
DA:229,5
DA:230,4
DA:231,4
DA:232,1
DA:233,1
DA:235,3
DA:236,3
DA:240,3
DA:241,1
DA:242,1
DA:244,2
DA:245,2
DA:246,1
DA:247,1
DA:251,1
DA:252,1
DA:253,1
DA:254,1
DA:255,1
DA:256,1
DA:257,1
DA:258,1
DA:259,1
DA:261,1
DA:265,1
DA:266,0
DA:268,1
DA:269,1
DA:271,0
DA:272,0
DA:273,0
DA:278,2
DA:283,2
DA:284,4
DA:285,4
DA:286,4
DA:289,4
DA:290,4
DA:291,4
DA:292,1
DA:296,3
DA:297,2
DA:300,2
DA:301,1
DA:302,1
DA:303,1
DA:306,1
DA:307,1
DA:308,1
DA:311,1
DA:320,1
DA:322,1
DA:323,1
DA:325,0
DA:326,0
DA:328,1
DA:330,1
DA:334,2
DA:339,1
DA:340,0
DA:342,1
DA:343,1
DA:345,0
DA:346,0
DA:347,0
DA:351,2
LF:179
LH:153
BRDA:46,0,0,3
BRDA:46,1,0,11
BRDA:46,1,1,3
BRDA:55,2,0,3
BRDA:60,3,0,0
BRDA:69,4,0,0
BRDA:69,4,1,0
BRDA:78,5,0,3
BRDA:78,5,1,0
BRDA:82,6,0,2
BRDA:84,7,0,1
BRDA:116,8,0,1
BRDA:120,9,0,0
BRDA:120,9,1,0
BRDA:126,10,0,3
BRDA:126,10,1,0
BRDA:130,11,0,2
BRDA:132,12,0,1
BRDA:164,13,0,0
BRDA:167,14,0,1
BRDA:167,14,1,0
BRDA:174,15,0,1
BRDA:179,16,0,0
BRDA:179,16,1,0
BRDA:186,17,0,4
BRDA:186,17,1,0
BRDA:192,18,0,1
BRDA:212,19,0,1
BRDA:215,20,0,1
BRDA:215,21,0,1
BRDA:215,21,1,1
BRDA:219,22,0,0
BRDA:219,22,1,0
BRDA:226,23,0,5
BRDA:226,23,1,0
BRDA:231,24,0,1
BRDA:240,25,0,1
BRDA:245,26,0,1
BRDA:265,27,0,0
BRDA:268,28,0,1
BRDA:268,29,0,1
BRDA:268,29,1,1
BRDA:271,30,0,0
BRDA:271,30,1,0
BRDA:284,31,0,4
BRDA:284,31,1,0
BRDA:289,32,0,4
BRDA:291,33,0,1
BRDA:300,34,0,1
BRDA:339,35,0,0
BRDA:342,36,0,1
BRDA:342,37,0,1
BRDA:342,37,1,1
BRDA:346,38,0,0
BRDA:346,38,1,0
BRF:55
BRH:33
end_of_record
TN:
SF:src\infrastructure\http\routes\chargesRoutes.ts
FN:14,(anonymous_0)
FN:22,(anonymous_1)
FN:72,(anonymous_2)
FN:81,(anonymous_3)
FNF:4
FNH:4
FNDA:14,(anonymous_0)
FNDA:13,(anonymous_1)
FNDA:2,(anonymous_2)
FNDA:2,(anonymous_3)
DA:1,2
DA:2,2
DA:3,2
DA:4,2
DA:5,2
DA:6,2
DA:7,2
DA:8,2
DA:11,2
DA:14,2
DA:15,14
DA:16,14
DA:17,1
DA:19,13
DA:22,2
DA:23,13
DA:24,13
DA:27,10
DA:28,10
DA:29,10
DA:31,10
DA:34,10
DA:36,10
DA:50,9
DA:52,9
DA:71,9
DA:72,2
DA:80,9
DA:81,2
DA:89,9
DA:91,9
DA:93,4
DA:94,3
DA:96,1
DA:97,1
LF:35
LH:35
BRDA:16,0,0,1
BRDA:43,1,0,0
BRDA:43,1,1,10
BRDA:57,2,0,9
BRDA:57,2,1,9
BRDA:59,3,0,9
BRDA:59,3,1,1
BRDA:60,4,0,0
BRDA:60,4,1,9
BRDA:62,5,0,9
BRDA:62,5,1,9
BRDA:63,6,0,9
BRDA:63,6,1,8
BRDA:64,7,0,7
BRDA:64,7,1,2
BRDA:64,8,0,7
BRDA:64,8,1,7
BRDA:65,9,0,1
BRDA:65,9,1,8
BRDA:65,10,0,1
BRDA:65,10,1,1
BRDA:71,11,0,1
BRDA:71,12,0,9
BRDA:71,12,1,1
BRDA:75,13,0,2
BRDA:75,13,1,0
BRDA:80,14,0,1
BRDA:80,15,0,9
BRDA:80,15,1,1
BRDA:93,16,0,3
BRF:30
BRH:27
end_of_record
TN:
SF:src\infrastructure\http\routes\reconciliationsRoutes.ts
FN:14,(anonymous_0)
FNF:1
FNH:1
FNDA:2,(anonymous_0)
DA:1,1
DA:2,1
DA:3,1
DA:4,1
DA:5,1
DA:6,1
DA:7,1
DA:8,1
DA:10,1
DA:12,1
DA:14,1
DA:15,2
DA:16,2
DA:18,1
DA:19,1
DA:20,1
DA:22,1
DA:28,1
DA:35,1
DA:54,1
DA:55,1
DA:63,0
DA:64,0
LF:23
LH:21
BRDA:54,0,0,1
BRDA:67,1,0,0
BRDA:67,1,1,0
BRF:3
BRH:1
end_of_record
TN:
SF:src\infrastructure\http\routes\settlementsRoutes.ts
FN:14,(anonymous_0)
FN:63,(anonymous_1)
FNF:2
FNH:2
FNDA:7,(anonymous_0)
FNDA:4,(anonymous_1)
DA:1,1
DA:2,1
DA:3,1
DA:4,1
DA:5,1
DA:6,1
DA:7,1
DA:8,1
DA:9,1
DA:10,1
DA:12,1
DA:14,1
DA:15,7
DA:16,7
DA:18,6
DA:19,6
DA:21,6
DA:23,6
DA:32,6
DA:44,1
DA:45,1
DA:53,0
DA:54,0
DA:63,1
DA:64,4
DA:65,4
DA:69,4
DA:70,4
DA:71,4
DA:73,4
DA:75,4
DA:79,1
DA:91,3
DA:92,0
DA:100,3
DA:101,3
LF:36
LH:33
BRDA:28,0,0,2
BRDA:28,0,1,4
BRDA:44,1,0,1
BRDA:57,2,0,0
BRDA:57,2,1,0
BRDA:91,3,0,0
BRDA:104,4,0,3
BRDA:104,4,1,0
BRF:8
BRH:4
end_of_record
TN:
SF:src\infrastructure\http\schemas\charges.ts
FN:13,(anonymous_0)
FNF:1
FNH:1
FNDA:3,(anonymous_0)
DA:1,3
DA:2,3
DA:4,3
DA:6,3
DA:8,3
DA:13,3
DA:19,3
DA:24,3
DA:38,3
DA:44,3
DA:49,3
DA:78,3
LF:12
LH:12
BRDA:13,0,0,3
BRDA:13,0,1,3
BRF:2
BRH:2
end_of_record
TN:
SF:src\infrastructure\http\schemas\reconciliations.ts
FN:11,(anonymous_0)
FNF:1
FNH:1
FNDA:1,(anonymous_0)
DA:1,1
DA:2,1
DA:4,1
DA:11,1
LF:4
LH:4
BRF:0
BRH:0
end_of_record
TN:
SF:src\infrastructure\http\schemas\settlements.ts
FNF:0
FNH:0
DA:1,1
DA:3,1
DA:12,1
LF:3
LH:3
BRF:0
BRH:0
end_of_record
TN:
SF:src\infrastructure\security\csrf.ts
FN:17,generateCsrfToken
FN:37,validateCsrfToken
FN:61,cleanupExpiredTokens
FN:74,revokeCsrfToken
FNF:4
FNH:4
FNDA:2,generateCsrfToken
FNDA:5,validateCsrfToken
FNDA:2,cleanupExpiredTokens
FNDA:1,revokeCsrfToken
DA:5,1
DA:6,1
DA:9,1
DA:11,1
DA:17,1
DA:18,2
DA:19,2
DA:22,2
DA:25,2
DA:27,2
DA:29,2
DA:37,1
DA:38,5
DA:39,1
DA:42,4
DA:44,4
DA:45,2
DA:46,2
DA:49,2
DA:50,0
DA:51,0
DA:52,0
DA:55,2
DA:62,2
DA:63,2
DA:64,1
DA:65,0
DA:74,1
DA:75,1
LF:29
LH:25
BRDA:38,0,0,1
BRDA:44,1,0,2
BRDA:49,2,0,0
BRDA:64,3,0,0
BRF:4
BRH:2
end_of_record
TN:
SF:src\infrastructure\security\recaptcha.ts
FN:25,verifyRecaptcha
FNF:1
FNH:0
FNDA:0,verifyRecaptcha
DA:5,0
DA:6,0
DA:16,0
DA:17,0
DA:25,0
DA:29,0
DA:30,0
DA:31,0
DA:34,0
DA:35,0
DA:36,0
DA:39,0
DA:40,0
DA:41,0
DA:42,0
DA:43,0
DA:44,0
DA:47,0
DA:55,0
DA:56,0
DA:60,0
DA:63,0
DA:65,0
DA:66,0
DA:70,0
DA:74,0
DA:75,0
DA:79,0
DA:82,0
DA:87,0
DA:89,0
DA:90,0
LF:32
LH:0
BRDA:29,0,0,0
BRDA:34,1,0,0
BRDA:43,2,0,0
BRDA:55,3,0,0
BRDA:65,4,0,0
BRDA:74,5,0,0
BRDA:74,6,0,0
BRDA:74,6,1,0
BRF:8
BRH:0
end_of_record
TN:
SF:src\utils\brDoc.ts
FN:1,onlyDigits
FN:5,validateCpf
FN:21,validateCnpj
FN:25,(anonymous_3)
FN:36,(anonymous_4)
FNF:5
FNH:5
FNDA:10,onlyDigits
FNDA:4,validateCpf
FNDA:4,validateCnpj
FNDA:4,(anonymous_3)
FNDA:28,(anonymous_4)
DA:1,1
DA:2,10
DA:5,1
DA:6,4
DA:7,4
DA:8,3
DA:9,2
DA:10,18
DA:11,2
DA:12,2
DA:13,2
DA:14,2
DA:15,20
DA:16,2
DA:17,2
DA:18,2
DA:21,1
DA:22,4
DA:23,4
DA:24,3
DA:25,2
DA:26,4
DA:27,4
DA:28,4
DA:29,4
DA:30,50
DA:31,50
DA:33,4
DA:34,4
DA:36,28
DA:37,2
DA:38,2
DA:39,2
DA:40,2
LF:34
LH:34
BRDA:7,0,0,1
BRDA:7,1,0,4
BRDA:7,1,1,3
BRDA:8,2,0,1
BRDA:12,3,0,1
BRDA:12,4,0,2
BRDA:12,4,1,1
BRDA:13,5,0,0
BRDA:17,6,0,0
BRDA:17,7,0,2
BRDA:17,7,1,2
BRDA:23,8,0,1
BRDA:23,9,0,4
BRDA:23,9,1,3
BRDA:24,10,0,1
BRDA:31,11,0,8
BRDA:34,12,0,2
BRDA:34,12,1,2
BRDA:38,13,0,0
BRF:19
BRH:16
end_of_record
