TN:
SF:src\application\services\AuthService.ts
FN:16,(anonymous_1)
FN:23,(anonymous_2)
FN:27,(anonymous_3)
FN:40,(anonymous_4)
FN:45,(anonymous_5)
FN:53,(anonymous_6)
FN:59,(anonymous_7)
FN:71,(anonymous_8)
FN:107,(anonymous_9)
FN:112,(anonymous_10)
FN:115,(anonymous_11)
FN:147,(anonymous_12)
FNF:12
FNH:0
FNDA:0,(anonymous_1)
FNDA:0,(anonymous_2)
FNDA:0,(anonymous_3)
FNDA:0,(anonymous_4)
FNDA:0,(anonymous_5)
FNDA:0,(anonymous_6)
FNDA:0,(anonymous_7)
FNDA:0,(anonymous_8)
FNDA:0,(anonymous_9)
FNDA:0,(anonymous_10)
FNDA:0,(anonymous_11)
FNDA:0,(anonymous_12)
DA:1,0
DA:2,0
DA:3,0
DA:4,0
DA:5,0
DA:6,0
DA:7,0
DA:8,0
DA:9,0
DA:11,0
DA:13,0
DA:16,0
DA:20,0
DA:22,0
DA:24,0
DA:28,0
DA:30,0
DA:31,0
DA:32,0
DA:34,0
DA:35,0
DA:37,0
DA:41,0
DA:42,0
DA:46,0
DA:47,0
DA:48,0
DA:49,0
DA:54,0
DA:55,0
DA:56,0
DA:60,0
DA:63,0
DA:66,0
DA:67,0
DA:75,0
DA:76,0
DA:77,0
DA:80,0
DA:81,0
DA:84,0
DA:86,0
DA:87,0
DA:89,0
DA:93,0
DA:95,0
DA:96,0
DA:97,0
DA:98,0
DA:110,0
DA:116,0
DA:117,0
DA:118,0
DA:119,0
DA:120,0
DA:121,0
DA:122,0
DA:123,0
DA:124,0
DA:125,0
DA:126,0
DA:127,0
DA:130,0
DA:131,0
DA:132,0
DA:133,0
DA:134,0
DA:135,0
DA:137,0
DA:138,0
DA:139,0
DA:140,0
DA:141,0
DA:143,0
DA:148,0
DA:149,0
DA:150,0
DA:151,0
DA:152,0
DA:153,0
DA:154,0
DA:156,0
DA:157,0
DA:160,0
DA:161,0
DA:162,0
DA:163,0
DA:165,0
LF:88
LH:0
BRDA:16,0,0,0
BRDA:16,0,1,0
BRDA:31,1,0,0
BRDA:55,2,0,0
BRDA:66,3,0,0
BRDA:66,4,0,0
BRDA:66,4,1,0
BRDA:80,5,0,0
BRDA:87,6,0,0
BRDA:102,7,0,0
BRDA:102,7,1,0
BRDA:115,8,0,0
BRDA:123,9,0,0
BRDA:131,10,0,0
BRDA:151,11,0,0
BRDA:154,12,0,0
BRDA:154,13,0,0
BRDA:154,13,1,0
BRF:18
BRH:0
end_of_record
TN:
SF:src\application\useCases\CreateCharge.ts
FN:35,(anonymous_0)
FN:41,(anonymous_1)
FNF:2
FNH:2
FNDA:5,(anonymous_0)
FNDA:6,(anonymous_1)
DA:7,2
DA:15,2
DA:16,2
DA:34,2
DA:36,5
DA:37,5
DA:38,5
DA:43,6
DA:46,6
DA:47,2
DA:55,2
DA:59,4
DA:74,4
DA:77,4
DA:78,4
DA:84,4
DA:85,0
DA:86,0
DA:92,0
DA:96,4
DA:97,4
DA:101,4
DA:120,4
LF:23
LH:20
BRDA:46,0,0,2
BRDA:77,1,0,4
BRDA:77,1,1,0
BRDA:82,2,0,4
BRDA:82,2,1,4
BRDA:85,3,0,0
BRDA:90,4,0,0
BRDA:90,4,1,0
BRDA:96,5,0,4
BRDA:96,6,0,4
BRDA:96,6,1,0
BRF:11
BRH:6
end_of_record
TN:
SF:src\config\env.ts
FN:27,(anonymous_0)
FNF:1
FNH:0
FNDA:0,(anonymous_0)
DA:14,0
DA:16,0
DA:27,0
DA:30,0
DA:32,0
DA:33,0
DA:35,0
DA:38,0
LF:8
LH:0
BRDA:32,0,0,0
BRF:1
BRH:0
end_of_record
TN:
SF:src\domain\entities\Charge.ts
FN:3,(anonymous_0)
FN:10,(anonymous_1)
FN:52,(anonymous_2)
FN:71,(anonymous_3)
FN:75,(anonymous_4)
FN:79,(anonymous_5)
FN:83,(anonymous_6)
FN:87,(anonymous_7)
FN:91,(anonymous_8)
FN:96,(anonymous_9)
FN:117,(anonymous_10)
FNF:11
FNH:8
FNDA:3,(anonymous_0)
FNDA:3,(anonymous_1)
FNDA:10,(anonymous_2)
FNDA:10,(anonymous_3)
FNDA:13,(anonymous_4)
FNDA:1,(anonymous_5)
FNDA:1,(anonymous_6)
FNDA:0,(anonymous_7)
FNDA:0,(anonymous_8)
FNDA:4,(anonymous_9)
FNDA:0,(anonymous_10)
DA:1,3
DA:3,3
DA:4,3
DA:5,3
DA:6,3
DA:7,3
DA:10,3
DA:11,3
DA:12,3
DA:34,3
DA:53,10
DA:54,10
DA:55,10
DA:56,10
DA:57,10
DA:58,10
DA:59,10
DA:60,10
DA:61,10
DA:62,10
DA:63,10
DA:64,10
DA:65,10
DA:66,10
DA:67,10
DA:68,10
DA:72,10
DA:76,13
DA:80,1
DA:84,1
DA:88,0
DA:92,0
DA:97,4
DA:118,0
LF:34
LH:31
BRDA:3,0,0,3
BRDA:3,0,1,3
BRDA:10,1,0,3
BRDA:10,1,1,3
BRDA:53,2,0,10
BRDA:53,2,1,2
BRDA:56,3,0,10
BRDA:56,3,1,2
BRDA:58,4,0,10
BRDA:58,4,1,2
BRDA:67,5,0,10
BRDA:67,5,1,6
BRDA:68,6,0,10
BRDA:68,6,1,6
BRF:14
BRH:14
end_of_record
TN:
SF:src\domain\entities\ChargeSplit.ts
FN:20,(anonymous_0)
FN:39,(anonymous_1)
FN:43,(anonymous_2)
FN:48,(anonymous_3)
FNF:4
FNH:0
FNDA:0,(anonymous_0)
FNDA:0,(anonymous_1)
FNDA:0,(anonymous_2)
FNDA:0,(anonymous_3)
DA:1,0
DA:12,0
DA:21,0
DA:22,0
DA:23,0
DA:24,0
DA:26,0
DA:27,0
DA:29,0
DA:30,0
DA:32,0
DA:33,0
DA:35,0
DA:36,0
DA:40,0
DA:44,0
DA:49,0
DA:50,0
DA:52,0
DA:53,0
DA:54,0
DA:56,0
DA:59,0
DA:60,0
DA:61,0
DA:63,0
LF:26
LH:0
BRDA:21,0,0,0
BRDA:21,0,1,0
BRDA:24,1,0,0
BRDA:24,1,1,0
BRDA:26,2,0,0
BRDA:26,3,0,0
BRDA:26,3,1,0
BRDA:29,4,0,0
BRDA:29,5,0,0
BRDA:29,5,1,0
BRDA:29,5,2,0
BRDA:32,6,0,0
BRDA:32,7,0,0
BRDA:32,7,1,0
BRDA:49,8,0,0
BRDA:52,9,0,0
BRDA:53,10,0,0
BRDA:60,11,0,0
BRF:18
BRH:0
end_of_record
TN:
SF:src\domain\entities\Fee.ts
FN:18,(anonymous_0)
FN:34,(anonymous_1)
FNF:2
FNH:0
FNDA:0,(anonymous_0)
FNDA:0,(anonymous_1)
DA:1,0
DA:11,0
DA:19,0
DA:20,0
DA:21,0
DA:22,0
DA:24,0
DA:25,0
DA:27,0
DA:28,0
DA:30,0
DA:35,0
DA:36,0
DA:38,0
DA:39,0
LF:15
LH:0
BRDA:19,0,0,0
BRDA:19,0,1,0
BRDA:22,1,0,0
BRDA:22,1,1,0
BRDA:24,2,0,0
BRDA:24,3,0,0
BRDA:24,3,1,0
BRDA:27,4,0,0
BRDA:27,5,0,0
BRDA:27,5,1,0
BRDA:35,6,0,0
BRDA:35,7,0,0
BRDA:35,7,1,0
BRDA:39,8,0,0
BRDA:39,8,1,0
BRF:15
BRH:0
end_of_record
TN:
SF:src\domain\entities\Payment.ts
FN:3,(anonymous_0)
FN:11,(anonymous_1)
FN:49,(anonymous_2)
FN:65,(anonymous_3)
FN:69,(anonymous_4)
FN:73,(anonymous_5)
FN:77,(anonymous_6)
FN:81,(anonymous_7)
FN:85,(anonymous_8)
FN:89,(anonymous_9)
FNF:10
FNH:0
FNDA:0,(anonymous_0)
FNDA:0,(anonymous_1)
FNDA:0,(anonymous_2)
FNDA:0,(anonymous_3)
FNDA:0,(anonymous_4)
FNDA:0,(anonymous_5)
FNDA:0,(anonymous_6)
FNDA:0,(anonymous_7)
FNDA:0,(anonymous_8)
FNDA:0,(anonymous_9)
DA:1,0
DA:3,0
DA:4,0
DA:5,0
DA:6,0
DA:7,0
DA:8,0
DA:11,0
DA:12,0
DA:13,0
DA:14,0
DA:33,0
DA:50,0
DA:51,0
DA:52,0
DA:53,0
DA:54,0
DA:55,0
DA:56,0
DA:57,0
DA:58,0
DA:59,0
DA:60,0
DA:61,0
DA:62,0
DA:66,0
DA:70,0
DA:74,0
DA:78,0
DA:82,0
DA:86,0
DA:90,0
DA:91,0
LF:33
LH:0
BRDA:3,0,0,0
BRDA:3,0,1,0
BRDA:11,1,0,0
BRDA:11,1,1,0
BRDA:50,2,0,0
BRDA:50,2,1,0
BRDA:54,3,0,0
BRDA:54,3,1,0
BRDA:59,4,0,0
BRDA:59,4,1,0
BRDA:60,5,0,0
BRDA:60,5,1,0
BRDA:90,6,0,0
BRF:13
BRH:0
end_of_record
TN:
SF:src\domain\entities\PixKey.ts
FN:3,(anonymous_0)
FN:32,(anonymous_1)
FN:43,(anonymous_2)
FN:47,(anonymous_3)
FN:51,(anonymous_4)
FNF:5
FNH:0
FNDA:0,(anonymous_0)
FNDA:0,(anonymous_1)
FNDA:0,(anonymous_2)
FNDA:0,(anonymous_3)
FNDA:0,(anonymous_4)
DA:1,0
DA:3,0
DA:4,0
DA:5,0
DA:6,0
DA:7,0
DA:8,0
DA:22,0
DA:33,0
DA:34,0
DA:35,0
DA:36,0
DA:37,0
DA:38,0
DA:39,0
DA:40,0
DA:44,0
DA:48,0
DA:52,0
LF:19
LH:0
BRDA:3,0,0,0
BRDA:3,0,1,0
BRDA:33,1,0,0
BRDA:33,1,1,0
BRDA:38,2,0,0
BRDA:38,2,1,0
BRDA:39,3,0,0
BRDA:39,3,1,0
BRDA:40,4,0,0
BRDA:40,4,1,0
BRF:10
BRH:0
end_of_record
TN:
SF:src\infrastructure\logger.ts
FNF:0
FNH:0
DA:1,2
DA:3,2
DA:5,2
LF:3
LH:3
BRDA:3,0,0,2
BRDA:3,0,1,0
BRDA:6,1,0,2
BRDA:6,1,1,2
BRF:4
BRH:3
end_of_record
TN:
SF:src\infrastructure\adapters\messaging\InMemoryMessagingAdapter.ts
FN:7,(anonymous_1)
FNF:1
FNH:1
FNDA:2,(anonymous_1)
DA:1,1
DA:4,1
DA:6,1
DA:8,2
LF:4
LH:4
BRF:0
BRH:0
end_of_record
TN:
SF:src\infrastructure\adapters\payment\StubPaymentProviderAdapter.ts
FN:4,(anonymous_0)
FN:11,(anonymous_1)
FNF:2
FNH:1
FNDA:4,(anonymous_0)
FNDA:0,(anonymous_1)
DA:3,2
DA:5,4
DA:6,4
DA:7,4
DA:8,4
DA:12,0
DA:13,0
DA:14,0
LF:8
LH:5
BRDA:5,0,0,4
BRDA:5,0,1,4
BRDA:12,1,0,0
BRDA:12,1,1,0
BRF:4
BRH:2
end_of_record
TN:
SF:src\infrastructure\database\PrismaChargeRepository.ts
FN:15,mapPrismaChargeToDomain
FN:37,(anonymous_1)
FN:42,(anonymous_2)
FN:47,(anonymous_3)
FN:71,(anonymous_4)
FN:91,(anonymous_5)
FN:134,(anonymous_6)
FNF:7
FNH:0
FNDA:0,mapPrismaChargeToDomain
FNDA:0,(anonymous_1)
FNDA:0,(anonymous_2)
FNDA:0,(anonymous_3)
FNDA:0,(anonymous_4)
FNDA:0,(anonymous_5)
FNDA:0,(anonymous_6)
DA:7,0
DA:8,0
DA:9,0
DA:10,0
DA:13,0
DA:16,0
DA:36,0
DA:38,0
DA:39,0
DA:43,0
DA:44,0
DA:50,0
DA:68,0
DA:74,0
DA:88,0
DA:98,0
DA:99,0
DA:103,0
DA:108,0
DA:109,0
DA:112,0
DA:115,0
DA:124,0
DA:135,0
DA:143,0
LF:25
LH:0
BRDA:21,0,0,0
BRDA:21,0,1,0
BRDA:23,1,0,0
BRDA:23,1,1,0
BRDA:24,2,0,0
BRDA:24,2,1,0
BRDA:26,3,0,0
BRDA:26,3,1,0
BRDA:27,4,0,0
BRDA:27,4,1,0
BRDA:28,5,0,0
BRDA:28,5,1,0
BRDA:29,6,0,0
BRDA:29,6,1,0
BRDA:30,7,0,0
BRDA:30,7,1,0
BRDA:39,8,0,0
BRDA:39,8,1,0
BRDA:44,9,0,0
BRDA:44,9,1,0
BRDA:56,10,0,0
BRDA:56,10,1,0
BRDA:58,11,0,0
BRDA:58,11,1,0
BRDA:59,12,0,0
BRDA:59,12,1,0
BRDA:61,13,0,0
BRDA:61,13,1,0
BRDA:62,14,0,0
BRDA:62,14,1,0
BRDA:63,15,0,0
BRDA:63,15,1,0
BRDA:64,16,0,0
BRDA:64,16,1,0
BRDA:65,17,0,0
BRDA:65,17,1,0
BRDA:77,18,0,0
BRDA:77,18,1,0
BRDA:79,19,0,0
BRDA:79,19,1,0
BRDA:80,20,0,0
BRDA:80,20,1,0
BRDA:81,21,0,0
BRDA:81,21,1,0
BRDA:82,22,0,0
BRDA:82,22,1,0
BRDA:83,23,0,0
BRDA:83,23,1,0
BRDA:84,24,0,0
BRDA:84,24,1,0
BRDA:85,25,0,0
BRDA:85,25,1,0
BRDA:98,26,0,0
BRDA:98,26,1,0
BRDA:108,27,0,0
BRDA:121,28,0,0
BRDA:121,28,1,0
BRDA:129,29,0,0
BRDA:129,29,1,0
BRF:59
BRH:0
end_of_record
TN:
SF:src\infrastructure\database\prismaClient.ts
FNF:0
FNH:0
DA:14,0
DA:22,0
DA:26,0
DA:27,0
DA:30,0
LF:5
LH:0
BRDA:22,0,0,0
BRDA:22,0,1,0
BRDA:26,1,0,0
BRF:3
BRH:0
end_of_record
TN:
SF:src\infrastructure\database\repositories\PrismaPaymentRepository.ts
FN:10,(anonymous_0)
FN:12,(anonymous_1)
FN:34,(anonymous_2)
FN:44,(anonymous_3)
FN:69,(anonymous_4)
FN:81,(anonymous_5)
FN:95,(anonymous_6)
FNF:7
FNH:0
FNDA:0,(anonymous_0)
FNDA:0,(anonymous_1)
FNDA:0,(anonymous_2)
FNDA:0,(anonymous_3)
FNDA:0,(anonymous_4)
FNDA:0,(anonymous_5)
FNDA:0,(anonymous_6)
DA:2,0
DA:9,0
DA:10,0
DA:13,0
DA:27,0
DA:31,0
DA:35,0
DA:39,0
DA:41,0
DA:52,0
DA:54,0
DA:66,0
DA:70,0
DA:78,0
DA:85,0
DA:87,0
DA:96,0
LF:17
LH:0
BRDA:39,0,0,0
BRDA:52,1,0,0
BRDA:52,2,0,0
BRDA:52,3,0,0
BRDA:52,3,1,0
BRDA:57,4,0,0
BRDA:57,4,1,0
BRDA:85,5,0,0
BRDA:85,5,1,0
BRDA:90,6,0,0
BRDA:90,6,1,0
BRF:11
BRH:0
end_of_record
TN:
SF:src\infrastructure\email\EmailService.ts
FN:10,(anonymous_1)
FN:21,(anonymous_2)
FN:28,(anonymous_3)
FNF:3
FNH:0
FNDA:0,(anonymous_1)
FNDA:0,(anonymous_2)
FNDA:0,(anonymous_3)
DA:1,0
DA:2,0
DA:3,0
DA:4,0
DA:5,0
DA:6,0
DA:10,0
DA:11,0
DA:22,0
DA:23,0
DA:24,0
DA:25,0
DA:29,0
DA:30,0
DA:31,0
DA:33,0
DA:34,0
DA:40,0
LF:18
LH:0
BRDA:15,0,0,0
BRDA:15,0,1,0
BRDA:29,1,0,0
BRF:3
BRH:0
end_of_record
TN:
SF:src\infrastructure\http\swagger.ts
FN:199,setupSwagger
FNF:1
FNH:0
FNDA:0,setupSwagger
DA:1,0
DA:2,0
DA:5,0
DA:199,0
DA:200,0
DA:201,0
LF:6
LH:0
BRF:0
BRH:0
end_of_record
TN:
SF:src\infrastructure\http\middlewares\authMiddleware.ts
FN:12,authMiddleware
FNF:1
FNH:0
FNDA:0,authMiddleware
DA:2,0
DA:3,0
DA:4,0
DA:5,0
DA:7,0
DA:12,0
DA:13,0
DA:14,0
DA:15,0
DA:16,0
DA:19,0
DA:20,0
DA:21,0
DA:28,0
DA:29,0
DA:30,0
DA:31,0
DA:34,0
DA:35,0
DA:37,0
DA:38,0
LF:21
LH:0
BRDA:9,0,0,0
BRDA:9,0,1,0
BRDA:14,1,0,0
BRDA:14,2,0,0
BRDA:14,2,1,0
BRDA:29,3,0,0
BRF:6
BRH:0
end_of_record
TN:
SF:src\infrastructure\http\routes\authRoutes.ts
FN:41,checkLock
FN:49,recordFailure
FN:71,recordSuccess
FN:72,(anonymous_4)
FN:75,(anonymous_5)
FN:90,(anonymous_6)
FN:104,(anonymous_7)
FN:117,(anonymous_8)
FN:157,(anonymous_9)
FNF:9
FNH:0
FNDA:0,checkLock
FNDA:0,recordFailure
FNDA:0,recordSuccess
FNDA:0,(anonymous_4)
FNDA:0,(anonymous_5)
FNDA:0,(anonymous_6)
FNDA:0,(anonymous_7)
FNDA:0,(anonymous_8)
FNDA:0,(anonymous_9)
DA:1,0
DA:2,0
DA:3,0
DA:4,0
DA:5,0
DA:6,0
DA:7,0
DA:8,0
DA:9,0
DA:10,0
DA:12,0
DA:13,0
DA:14,0
DA:15,0
DA:18,0
DA:25,0
DA:31,0
DA:35,0
DA:42,0
DA:43,0
DA:44,0
DA:45,0
DA:50,0
DA:51,0
DA:52,0
DA:53,0
DA:54,0
DA:55,0
DA:57,0
DA:58,0
DA:59,0
DA:60,0
DA:62,0
DA:63,0
DA:64,0
DA:65,0
DA:72,0
DA:75,0
DA:76,0
DA:77,0
DA:78,0
DA:79,0
DA:81,0
DA:83,0
DA:85,0
DA:86,0
DA:90,0
DA:91,0
DA:92,0
DA:93,0
DA:94,0
DA:96,0
DA:97,0
DA:99,0
DA:100,0
DA:104,0
DA:105,0
DA:106,0
DA:107,0
DA:108,0
DA:109,0
DA:111,0
DA:112,0
DA:117,0
DA:118,0
DA:119,0
DA:120,0
DA:121,0
DA:122,0
DA:124,0
DA:126,0
DA:127,0
DA:128,0
DA:129,0
DA:130,0
DA:131,0
DA:132,0
DA:133,0
DA:134,0
DA:135,0
DA:137,0
DA:140,0
DA:142,0
DA:144,0
DA:145,0
DA:147,0
DA:148,0
DA:150,0
DA:151,0
DA:152,0
DA:157,0
DA:158,0
DA:159,0
DA:160,0
DA:161,0
DA:162,0
DA:163,0
DA:164,0
DA:165,0
DA:167,0
DA:168,0
DA:172,0
DA:173,0
DA:174,0
DA:176,0
DA:177,0
DA:178,0
DA:179,0
DA:183,0
DA:184,0
DA:185,0
DA:186,0
DA:187,0
DA:188,0
DA:189,0
DA:190,0
DA:191,0
DA:193,0
DA:197,0
DA:198,0
DA:200,0
DA:201,0
DA:203,0
DA:204,0
DA:205,0
DA:209,0
LF:126
LH:0
BRDA:44,0,0,0
BRDA:44,1,0,0
BRDA:44,1,1,0
BRDA:53,2,0,0
BRDA:58,3,0,0
BRDA:67,4,0,0
BRDA:67,4,1,0
BRDA:81,5,0,0
BRDA:85,6,0,0
BRDA:85,6,1,0
BRDA:96,7,0,0
BRDA:99,8,0,0
BRDA:99,8,1,0
BRDA:106,9,0,0
BRDA:111,10,0,0
BRDA:111,10,1,0
BRDA:118,11,0,0
BRDA:118,11,1,0
BRDA:124,12,0,0
BRDA:144,13,0,0
BRDA:147,14,0,0
BRDA:147,15,0,0
BRDA:147,15,1,0
BRDA:151,16,0,0
BRDA:151,16,1,0
BRDA:158,17,0,0
BRDA:158,17,1,0
BRDA:163,18,0,0
BRDA:172,19,0,0
BRDA:177,20,0,0
BRDA:197,21,0,0
BRDA:200,22,0,0
BRDA:200,23,0,0
BRDA:200,23,1,0
BRDA:203,24,0,0
BRDA:203,24,1,0
BRF:36
BRH:0
end_of_record
TN:
SF:src\infrastructure\http\routes\chargesRoutes.ts
FN:14,(anonymous_0)
FN:22,(anonymous_1)
FNF:2
FNH:2
FNDA:4,(anonymous_0)
FNDA:3,(anonymous_1)
DA:1,1
DA:2,1
DA:3,1
DA:4,1
DA:5,1
DA:6,1
DA:7,1
DA:8,1
DA:9,1
DA:11,1
DA:14,1
DA:15,4
DA:16,4
DA:17,1
DA:19,3
DA:22,1
DA:23,3
DA:24,3
DA:27,3
DA:28,3
DA:29,3
DA:31,3
DA:34,3
DA:38,3
DA:50,3
DA:68,3
DA:70,0
DA:71,0
DA:73,0
DA:74,0
LF:30
LH:26
BRDA:16,0,0,1
BRDA:34,1,0,3
BRDA:34,1,1,0
BRDA:35,2,0,3
BRDA:35,2,1,0
BRDA:45,3,0,0
BRDA:45,3,1,3
BRDA:55,4,0,3
BRDA:55,4,1,3
BRDA:57,5,0,3
BRDA:57,5,1,0
BRDA:58,6,0,0
BRDA:58,6,1,3
BRDA:60,7,0,3
BRDA:60,7,1,3
BRDA:61,8,0,3
BRDA:61,8,1,3
BRDA:62,9,0,3
BRDA:62,9,1,0
BRDA:62,10,0,3
BRDA:62,10,1,3
BRDA:63,11,0,0
BRDA:63,11,1,3
BRDA:63,12,0,0
BRDA:63,12,1,0
BRDA:70,13,0,0
BRF:26
BRH:16
end_of_record
TN:
SF:src\infrastructure\http\schemas\charges.ts
FNF:0
FNH:0
DA:1,1
DA:3,1
DA:5,1
DA:7,1
DA:19,1
DA:25,1
DA:30,1
DA:48,1
LF:8
LH:8
BRF:0
BRH:0
end_of_record
TN:
SF:src\types\express.d.ts
FNF:0
FNH:0
LF:0
LH:0
BRF:0
BRH:0
end_of_record
TN:
SF:src\types\swagger.d.ts
FNF:0
FNH:0
LF:0
LH:0
BRF:0
BRH:0
end_of_record
TN:
SF:src\utils\brDoc.ts
FN:1,onlyDigits
FN:5,validateCpf
FN:21,validateCnpj
FN:25,(anonymous_3)
FN:36,(anonymous_4)
FNF:5
FNH:0
FNDA:0,onlyDigits
FNDA:0,validateCpf
FNDA:0,validateCnpj
FNDA:0,(anonymous_3)
FNDA:0,(anonymous_4)
DA:1,0
DA:2,0
DA:5,0
DA:6,0
DA:7,0
DA:8,0
DA:9,0
DA:10,0
DA:11,0
DA:12,0
DA:13,0
DA:14,0
DA:15,0
DA:16,0
DA:17,0
DA:18,0
DA:21,0
DA:22,0
DA:23,0
DA:24,0
DA:25,0
DA:26,0
DA:27,0
DA:28,0
DA:29,0
DA:30,0
DA:31,0
DA:33,0
DA:34,0
DA:36,0
DA:37,0
DA:38,0
DA:39,0
DA:40,0
LF:34
LH:0
BRDA:7,0,0,0
BRDA:7,1,0,0
BRDA:7,1,1,0
BRDA:8,2,0,0
BRDA:12,3,0,0
BRDA:12,4,0,0
BRDA:12,4,1,0
BRDA:13,5,0,0
BRDA:17,6,0,0
BRDA:17,7,0,0
BRDA:17,7,1,0
BRDA:23,8,0,0
BRDA:23,9,0,0
BRDA:23,9,1,0
BRDA:24,10,0,0
BRDA:31,11,0,0
BRDA:34,12,0,0
BRDA:34,12,1,0
BRDA:38,13,0,0
BRF:19
BRH:0
end_of_record
